[    0.000000] Initializing cgroup subsys cpuset
[    0.000000] Initializing cgroup subsys cpu
[    0.000000] Initializing cgroup subsys cpuacct
[    0.000000] Linux version 4.4.0-146-generic (buildd@lcy01-amd64-025) (gcc version 5.4.0 20160609 (Ubuntu 5.4.0-6ubuntu1~16.04.10) ) #172-Ubuntu SMP Wed Apr 3 09:00:08 UTC 2019 (Ubuntu 4.4.0-146.172-generic 4.4.177)
[    0.000000] Command line: BOOT_IMAGE=/boot/vmlinuz-4.4.0-146-generic root=LABEL=cloudimg-rootfs ro console=tty1 console=ttyS0
[    0.000000] KERNEL supported cpus:
[    0.000000]   Intel GenuineIntel
[    0.000000]   AMD AuthenticAMD
[    0.000000]   Centaur CentaurHauls
[    0.000000] x86/fpu: xstate_offset[2]:  576, xstate_sizes[2]:  256
[    0.000000] x86/fpu: Supporting XSAVE feature 0x01: 'x87 floating point registers'
[    0.000000] x86/fpu: Supporting XSAVE feature 0x02: 'SSE registers'
[    0.000000] x86/fpu: Supporting XSAVE feature 0x04: 'AVX registers'
[    0.000000] x86/fpu: Enabled xstate features 0x7, context size is 832 bytes, using 'standard' format.
[    0.000000] e820: BIOS-provided physical RAM map:
[    0.000000] BIOS-e820: [mem 0x0000000000000000-0x000000000009fbff] usable
[    0.000000] BIOS-e820: [mem 0x000000000009fc00-0x000000000009ffff] reserved
[    0.000000] BIOS-e820: [mem 0x00000000000f0000-0x00000000000fffff] reserved
[    0.000000] BIOS-e820: [mem 0x0000000000100000-0x000000003ffeffff] usable
[    0.000000] BIOS-e820: [mem 0x000000003fff0000-0x000000003fffffff] ACPI data
[    0.000000] BIOS-e820: [mem 0x00000000fec00000-0x00000000fec00fff] reserved
[    0.000000] BIOS-e820: [mem 0x00000000fee00000-0x00000000fee00fff] reserved
[    0.000000] BIOS-e820: [mem 0x00000000fffc0000-0x00000000ffffffff] reserved
[    0.000000] NX (Execute Disable) protection: active
[    0.000000] SMBIOS 2.5 present.
[    0.000000] Hypervisor detected: KVM
[    0.000000] e820: last_pfn = 0x3fff0 max_arch_pfn = 0x400000000
[    0.000000] MTRR: Disabled
[    0.000000] x86/PAT: MTRRs disabled, skipping PAT initialization too.
[    0.000000] CPU MTRRs all blank - virtualized system.
[    0.000000] x86/PAT: Configuration [0-7]: WB  WT  UC- UC  WB  WT  UC- UC  
[    0.000000] found SMP MP-table at [mem 0x0009fff0-0x0009ffff] mapped at [ffff88000009fff0]
[    0.000000] Scanning 1 areas for low memory corruption
[    0.000000] RAMDISK: [mem 0x362fa000-0x37174fff]
[    0.000000] ACPI: Early table checksum verification disabled
[    0.000000] ACPI: RSDP 0x00000000000E0000 000024 (v02 VBOX  )
[    0.000000] ACPI: XSDT 0x000000003FFF0030 00003C (v01 VBOX   VBOXXSDT 00000001 ASL  00000061)
[    0.000000] ACPI: FACP 0x000000003FFF00F0 0000F4 (v04 VBOX   VBOXFACP 00000001 ASL  00000061)
[    0.000000] ACPI: DSDT 0x000000003FFF0470 0021C8 (v02 VBOX   VBOXBIOS 00000002 INTL 20100528)
[    0.000000] ACPI: FACS 0x000000003FFF0200 000040
[    0.000000] ACPI: FACS 0x000000003FFF0200 000040
[    0.000000] ACPI: APIC 0x000000003FFF0240 00005C (v02 VBOX   VBOXAPIC 00000001 ASL  00000061)
[    0.000000] ACPI: SSDT 0x000000003FFF02A0 0001CC (v01 VBOX   VBOXCPUT 00000002 INTL 20100528)
[    0.000000] No NUMA configuration found
[    0.000000] Faking a node at [mem 0x0000000000000000-0x000000003ffeffff]
[    0.000000] NODE_DATA(0) allocated [mem 0x3ffeb000-0x3ffeffff]
[    0.000000] kvm-clock: Using msrs 4b564d01 and 4b564d00
[    0.000000] kvm-clock: cpu 0, msr 0:3ffe3001, primary cpu clock
[    0.000000] kvm-clock: using sched offset of 3170645833 cycles
[    0.000000] clocksource: kvm-clock: mask: 0xffffffffffffffff max_cycles: 0x1cd42e4dffb, max_idle_ns: 881590591483 ns
[    0.000000] Zone ranges:
[    0.000000]   DMA      [mem 0x0000000000001000-0x0000000000ffffff]
[    0.000000]   DMA32    [mem 0x0000000001000000-0x000000003ffeffff]
[    0.000000]   Normal   empty
[    0.000000]   Device   empty
[    0.000000] Movable zone start for each node
[    0.000000] Early memory node ranges
[    0.000000]   node   0: [mem 0x0000000000001000-0x000000000009efff]
[    0.000000]   node   0: [mem 0x0000000000100000-0x000000003ffeffff]
[    0.000000] Initmem setup node 0 [mem 0x0000000000001000-0x000000003ffeffff]
[    0.000000] ACPI: PM-Timer IO Port: 0x4008
[    0.000000] IOAPIC[0]: apic_id 2, version 32, address 0xfec00000, GSI 0-23
[    0.000000] ACPI: INT_SRC_OVR (bus 0 bus_irq 0 global_irq 2 dfl dfl)
[    0.000000] ACPI: INT_SRC_OVR (bus 0 bus_irq 9 global_irq 9 high level)
[    0.000000] Using ACPI (MADT) for SMP configuration information
[    0.000000] smpboot: Allowing 2 CPUs, 0 hotplug CPUs
[    0.000000] PM: Registered nosave memory: [mem 0x00000000-0x00000fff]
[    0.000000] PM: Registered nosave memory: [mem 0x0009f000-0x0009ffff]
[    0.000000] PM: Registered nosave memory: [mem 0x000a0000-0x000effff]
[    0.000000] PM: Registered nosave memory: [mem 0x000f0000-0x000fffff]
[    0.000000] e820: [mem 0x40000000-0xfebfffff] available for PCI devices
[    0.000000] Booting paravirtualized kernel on KVM
[    0.000000] clocksource: refined-jiffies: mask: 0xffffffff max_cycles: 0xffffffff, max_idle_ns: 7645519600211568 ns
[    0.000000] setup_percpu: NR_CPUS:512 nr_cpumask_bits:512 nr_cpu_ids:2 nr_node_ids:1
[    0.000000] PERCPU: Embedded 34 pages/cpu @ffff88003fc00000 s99480 r8192 d31592 u1048576
[    0.000000] Built 1 zonelists in Node order, mobility grouping on.  Total pages: 257912
[    0.000000] Policy zone: DMA32
[    0.000000] Kernel command line: BOOT_IMAGE=/boot/vmlinuz-4.4.0-146-generic root=LABEL=cloudimg-rootfs ro console=tty1 console=ttyS0
[    0.000000] PID hash table entries: 4096 (order: 3, 32768 bytes)
[    0.000000] Memory: 997732K/1048120K available (8609K kernel code, 1334K rwdata, 4028K rodata, 1484K init, 1284K bss, 50388K reserved, 0K cma-reserved)
[    0.000000] SLUB: HWalign=64, Order=0-3, MinObjects=0, CPUs=2, Nodes=1
[    0.000000] Kernel/User page tables isolation: enabled
[    0.000000] Hierarchical RCU implementation.
[    0.000000] 	Build-time adjustment of leaf fanout to 64.
[    0.000000] 	RCU restricting CPUs from NR_CPUS=512 to nr_cpu_ids=2.
[    0.000000] RCU: Adjusting geometry for rcu_fanout_leaf=64, nr_cpu_ids=2
[    0.000000] NR_IRQS:33024 nr_irqs:440 16
[    0.000000] Console: colour VGA+ 80x25
[    0.000000] console [tty1] enabled
[    0.000000] console [ttyS0] enabled
[    0.000000] tsc: Detected 1799.999 MHz processor
[    1.843069] Calibrating delay loop (skipped) preset value.. 3599.99 BogoMIPS (lpj=7199996)
[    1.881005] pid_max: default: 32768 minimum: 301
[    1.918730] ACPI: Core revision 20150930
[    1.921181] ACPI: 2 ACPI AML tables successfully acquired and loaded
[    1.922970] Security Framework initialized
[    1.924044] Yama: becoming mindful.
[    1.926387] AppArmor: AppArmor initialized
[    1.927478] Dentry cache hash table entries: 131072 (order: 8, 1048576 bytes)
[    1.935668] Inode-cache hash table entries: 65536 (order: 7, 524288 bytes)
[    1.968557] Mount-cache hash table entries: 2048 (order: 2, 16384 bytes)
[    1.970118] Mountpoint-cache hash table entries: 2048 (order: 2, 16384 bytes)
[    1.995349] Initializing cgroup subsys io
[    2.009034] Initializing cgroup subsys memory
[    2.010105] Initializing cgroup subsys devices
[    2.011245] Initializing cgroup subsys freezer
[    2.012363] Initializing cgroup subsys net_cls
[    2.033986] Initializing cgroup subsys perf_event
[    2.040511] Initializing cgroup subsys net_prio
[    2.074678] Initializing cgroup subsys hugetlb
[    2.077324] Initializing cgroup subsys pids
[    2.079830] mce: CPU supports 0 MCE banks
[    2.080869] Last level iTLB entries: 4KB 64, 2MB 8, 4MB 8
[    2.097148] Last level dTLB entries: 4KB 64, 2MB 0, 4MB 0, 1GB 4
[    2.098519] Spectre V2 : Mitigation: Full generic retpoline
[    2.100059] Spectre V2 : Spectre v2 / SpectreRSB mitigation: Filling RSB on context switch
[    2.160621] Speculative Store Bypass: Vulnerable
[    2.193101] Freeing SMP alternatives memory: 36K
[    2.217143] ftrace: allocating 32287 entries in 127 pages
[    2.299235] smpboot: APIC(0) Converting physical 0 to logical package 0
[    2.373317] smpboot: Max logical packages: 1
[    2.416658] x2apic enabled
[    2.453230] Switched APIC routing to physical x2apic.
[    2.517330] ..TIMER: vector=0x30 apic1=0 pin1=2 apic2=-1 pin2=-1
[    2.636847] smpboot: CPU0: Intel(R) Core(TM) i5-5350U CPU @ 1.80GHz (family: 0x6, model: 0x3d, stepping: 0x4)
[    2.739189] Performance Events: unsupported p6 CPU model 61 no PMU driver, software events only.
[    2.850731] KVM setup paravirtual spinlock
[    2.912175] x86: Booting SMP configuration:
[    2.974022] .... node  #0, CPUs:      #1
[    3.027746] kvm-clock: cpu 1, msr 0:3ffe3041, secondary cpu clock
[    3.046604] mce: CPU supports 0 MCE banks
[    3.055291] x86: Booted up 1 node, 2 CPUs
[    3.111141] smpboot: Total of 2 processors activated (7199.99 BogoMIPS)
[    3.158321] devtmpfs: initialized
[    3.187958] evm: security.selinux
[    3.188838] evm: security.SMACK64
[    3.189705] evm: security.SMACK64EXEC
[    3.218635] evm: security.SMACK64TRANSMUTE
[    3.263078] evm: security.SMACK64MMAP
[    3.300722] evm: security.ima
[    3.341742] evm: security.capability
[    3.380646] clocksource: jiffies: mask: 0xffffffff max_cycles: 0xffffffff, max_idle_ns: 7645041785100000 ns
[    3.481010] futex hash table entries: 512 (order: 3, 32768 bytes)
[    3.546997] pinctrl core: initialized pinctrl subsystem
[    3.589036] RTC time:  9:38:53, date: 05/14/19
[    3.590398] NET: Registered protocol family 16
[    3.603078] cpuidle: using governor ladder
[    3.642434] cpuidle: using governor menu
[    3.652008] PCCT header not found.
[    3.659484] ACPI: bus type PCI registered
[    3.669042] acpiphp: ACPI Hot Plug PCI Controller Driver version: 0.5
[    3.678686] PCI: Using configuration type 1 for base access
[    3.726831] ACPI: Added _OSI(Module Device)
[    3.772845] ACPI: Added _OSI(Processor Device)
[    3.809871] ACPI: Added _OSI(3.0 _SCP Extensions)
[    3.854282] ACPI: Added _OSI(Processor Aggregator Device)
[    3.902870] ACPI: Executed 1 blocks of module-level executable AML code
[    3.976356] ACPI: Interpreter enabled
[    4.004472] ACPI: (supports S0 S5)
[    4.027246] ACPI: Using IOAPIC for interrupt routing
[    4.071702] PCI: Using host bridge windows from ACPI; if necessary, use "pci=nocrs" and report a bug
[    4.160136] ACPI: PCI Root Bridge [PCI0] (domain 0000 [bus 00-ff])
[    4.219921] acpi PNP0A03:00: _OSC: OS supports [ASPM ClockPM Segments MSI]
[    4.277296] acpi PNP0A03:00: _OSC failed (AE_NOT_FOUND); disabling ASPM
[    4.345273] acpi PNP0A03:00: fail to add MMCONFIG information, can't access extended PCI configuration space under this bridge.
[    4.438245] PCI host bridge to bus 0000:00
[    4.484830] pci_bus 0000:00: root bus resource [io  0x0000-0x0cf7 window]
[    4.566796] pci_bus 0000:00: root bus resource [io  0x0d00-0xffff window]
[    4.619164] pci_bus 0000:00: root bus resource [mem 0x000a0000-0x000bffff window]
[    4.647995] pci_bus 0000:00: root bus resource [mem 0x40000000-0xffdfffff window]
[    4.650027] pci_bus 0000:00: root bus resource [bus 00-ff]
[    4.653214] pci 0000:00:01.1: legacy IDE quirk: reg 0x10: [io  0x01f0-0x01f7]
[    4.654951] pci 0000:00:01.1: legacy IDE quirk: reg 0x14: [io  0x03f6]
[    4.669436] pci 0000:00:01.1: legacy IDE quirk: reg 0x18: [io  0x0170-0x0177]
[    4.741888] pci 0000:00:01.1: legacy IDE quirk: reg 0x1c: [io  0x0376]
[    4.784557] pci 0000:00:07.0: quirk: [io  0x4000-0x403f] claimed by PIIX4 ACPI
[    4.829570] pci 0000:00:07.0: quirk: [io  0x4100-0x410f] claimed by PIIX4 SMB
[    4.893197] ACPI: PCI Interrupt Link [LNKA] (IRQs 5 9 10 *11)
[    4.968365] ACPI: PCI Interrupt Link [LNKB] (IRQs 5 9 10 *11)
[    5.029653] ACPI: PCI Interrupt Link [LNKC] (IRQs 5 9 *10 11)
[    5.085949] ACPI: PCI Interrupt Link [LNKD] (IRQs 5 *9 10 11)
[    5.146296] ACPI: Enabled 2 GPEs in block 00 to 07
[    5.200780] vgaarb: setting as boot device: PCI:0000:00:02.0
[    5.247663] vgaarb: device added: PCI:0000:00:02.0,decodes=io+mem,owns=io+mem,locks=none
[    5.316434] vgaarb: loaded
[    5.343076] vgaarb: bridge control possible 0000:00:02.0
[    5.399278] SCSI subsystem initialized
[    5.431498] ACPI: bus type USB registered
[    5.461742] usbcore: registered new interface driver usbfs
[    5.506002] usbcore: registered new interface driver hub
[    5.559392] usbcore: registered new device driver usb
[    5.603089] PCI: Using ACPI for IRQ routing
[    5.650587] NetLabel: Initializing
[    5.683952] NetLabel:  domain hash size = 128
[    5.711223] NetLabel:  protocols = UNLABELED CIPSOv4
[    5.733871] NetLabel:  unlabeled traffic allowed by default
[    5.780382] amd_nb: Cannot enumerate AMD northbridges
[    5.817396] clocksource: Switched to clocksource kvm-clock
[    5.896473] AppArmor: AppArmor Filesystem Enabled
[    5.909455] pnp: PnP ACPI init
[    5.945863] pnp: PnP ACPI: found 3 devices
[    6.004009] clocksource: acpi_pm: mask: 0xffffff max_cycles: 0xffffff, max_idle_ns: 2085701024 ns
[    6.100162] NET: Registered protocol family 2
[    6.161966] TCP established hash table entries: 8192 (order: 4, 65536 bytes)
[    6.273858] TCP bind hash table entries: 8192 (order: 5, 131072 bytes)
[    6.388665] TCP: Hash tables configured (established 8192 bind 8192)
[    6.481546] UDP hash table entries: 512 (order: 2, 16384 bytes)
[    6.594538] UDP-Lite hash table entries: 512 (order: 2, 16384 bytes)
[    6.731241] NET: Registered protocol family 1
[    6.821075] pci 0000:00:00.0: Limiting direct PCI/PCI transfers
[    6.926796] pci 0000:00:01.0: Activating ISA DMA hang workarounds
[    7.022235] Unpacking initramfs...
[    7.347341] Freeing initrd memory: 14828K
[    7.415823] RAPL PMU detected, API unit is 2^-32 Joules, 4 fixed counters 10737418240 ms ovfl timer
[    7.638978] hw unit of domain pp0-core 2^-0 Joules
[    7.640231] hw unit of domain package 2^-0 Joules
[    7.641483] hw unit of domain dram 2^-0 Joules
[    7.702478] hw unit of domain pp1-gpu 2^-0 Joules
[    7.781731] platform rtc_cmos: registered platform RTC device (no PNP device found)
[    7.926606] Scanning for low memory corruption every 60 seconds
[    8.034253] audit: initializing netlink subsys (disabled)
[    8.116415] audit: type=2000 audit(1557826737.631:1): initialized
[    8.147637] Initialise system trusted keyring
[    8.154858] HugeTLB registered 2 MB page size, pre-allocated 0 pages
[    8.168847] zbud: loaded
[    8.174029] VFS: Disk quotas dquot_6.6.0
[    8.184615] VFS: Dquot-cache hash table entries: 512 (order 0, 4096 bytes)
[    8.202262] squashfs: version 4.0 (2009/01/31) Phillip Lougher
[    8.222452] fuse init (API version 7.23)
[    8.236223] Key type big_key registered
[    8.316107] Allocating IMA MOK and blacklist keyrings.
[    8.342340] Key type asymmetric registered
[    8.411484] Asymmetric key parser 'x509' registered
[    8.461664] Block layer SCSI generic (bsg) driver version 0.4 loaded (major 249)
[    8.577416] io scheduler noop registered
[    8.626731] io scheduler deadline registered (default)
[    8.686057] io scheduler cfq registered
[    8.716991] pci_hotplug: PCI Hot Plug PCI Core version: 0.5
[    8.816058] tsc: Refined TSC clocksource calibration: 1800.406 MHz
[    8.826688] clocksource: tsc: mask: 0xffffffffffffffff max_cycles: 0x19f3a903cfc, max_idle_ns: 440795215533 ns
[    8.826761] pciehp: PCI Express Hot Plug Controller Driver version: 0.4
[    8.827119] ACPI: AC Adapter [AC] (off-line)
[    8.827181] input: Power Button as /devices/LNXSYSTM:00/LNXPWRBN:00/input/input0
[    8.827185] ACPI: Power Button [PWRF]
[    8.827262] input: Sleep Button as /devices/LNXSYSTM:00/LNXSLPBN:00/input/input1
[    8.827263] ACPI: Sleep Button [SLPF]
[    8.998138] ACPI: Battery Slot [BAT0] (battery present)
[    8.998177] GHES: HEST is not enabled!
[    9.115879] Serial: 8250/16550 driver, 32 ports, IRQ sharing enabled
[    9.177916] 00:02: ttyS0 at I/O 0x3f8 (irq = 4, base_baud = 115200) is a 16550A
[    9.238342] Linux agpgart interface v0.103
[    9.247713] loop: module loaded
[    9.248444] scsi host0: ata_piix
[    9.248531] scsi host1: ata_piix
[    9.248605] ata1: PATA max UDMA/33 cmd 0x1f0 ctl 0x3f6 bmdma 0xd000 irq 14
[    9.248607] ata2: PATA max UDMA/33 cmd 0x170 ctl 0x376 bmdma 0xd008 irq 15
[    9.248700] libphy: Fixed MDIO Bus: probed
[    9.248703] tun: Universal TUN/TAP device driver, 1.6
[    9.248704] tun: (C) 1999-2004 Max Krasnyansky <maxk@qualcomm.com>
[    9.249018] PPP generic driver version 2.4.2
[    9.249084] ehci_hcd: USB 2.0 'Enhanced' Host Controller (EHCI) Driver
[    9.249091] ehci-pci: EHCI PCI platform driver
[    9.249109] ehci-platform: EHCI generic platform driver
[    9.249120] ohci_hcd: USB 1.1 'Open' Host Controller (OHCI) Driver
[    9.249124] ohci-pci: OHCI PCI platform driver
[    9.249133] ohci-platform: OHCI generic platform driver
[    9.249143] uhci_hcd: USB Universal Host Controller Interface driver
[    9.249204] i8042: PNP: PS/2 Controller [PNP0303:PS2K,PNP0f03:PS2M] at 0x60,0x64 irq 1,12
[    9.249690] serio: i8042 KBD port at 0x60,0x64 irq 1
[    9.249695] serio: i8042 AUX port at 0x60,0x64 irq 12
[    9.249870] mousedev: PS/2 mouse device common for all mice
[    9.250311] input: AT Translated Set 2 keyboard as /devices/platform/i8042/serio0/input/input2
[    9.250760] rtc_cmos rtc_cmos: rtc core: registered rtc_cmos as rtc0
[    9.250842] rtc_cmos rtc_cmos: alarms up to one day, 114 bytes nvram
[    9.250852] i2c /dev entries driver
[    9.250929] device-mapper: uevent: version 1.0.3
[    9.251009] device-mapper: ioctl: 4.34.0-ioctl (2015-10-28) initialised: dm-devel@redhat.com
[    9.251037] ledtrig-cpu: registered to indicate activity on CPUs
[    9.251419] NET: Registered protocol family 10
[    9.251694] NET: Registered protocol family 17
[    9.251709] Key type dns_resolver registered
[    9.252248] registered taskstats version 1
[    9.252266] Loading compiled-in X.509 certificates
[    9.253383] Loaded X.509 cert 'Build time autogenerated kernel key: 4dcb2dc2c7cf43e0c20c44384f68683c20294489'
[    9.253507] zswap: loaded using pool lzo/zbud
[    9.269011] Key type trusted registered
[    9.273595] Key type encrypted registered
[    9.273603] AppArmor: AppArmor sha1 policy hashing enabled
[    9.273607] ima: No TPM chip found, activating TPM-bypass!
[    9.273616] ima: Allocated hash algorithm: sha1
[    9.273636] evm: HMAC attrs: 0x1
[    9.274087]   Magic number: 3:579:626
[    9.328685] rtc_cmos rtc_cmos: setting system clock to 2019-05-14 09:38:59 UTC (1557826739)
[    9.328883] BIOS EDD facility v0.16 2004-Jun-25, 0 devices found
[    9.328883] EDD information not available.
[   11.097114] Freeing unused kernel memory: 1484K
[   11.137564] Write protecting the kernel read-only data: 14336k
[   11.209702] Freeing unused kernel memory: 1620K
[   11.252304] Freeing unused kernel memory: 68K
Loading, please wait...
starting version[   11.317115] random: systemd-udevd: uninitialized urandom read (16 bytes read, 7 bits of entropy available)
 229
[   11.319061] random: udevadm: uninitialized urandom read (16 bytes read, 7 bits of entropy available)
[   11.319130] random: udevadm: uninitialized urandom read (16 bytes read, 7 bits of entropy available)
[   11.335853] random: udevadm: uninitialized urandom read (16 bytes read, 7 bits of entropy available)
[   11.335922] random: udevadm: uninitialized urandom read (16 bytes read, 7 bits of entropy available)
[   11.336224] random: udevadm: uninitialized urandom read (16 bytes read, 7 bits of entropy available)
[   11.336397] random: udevadm: uninitialized urandom read (16 bytes read, 7 bits of entropy available)
[   11.336483] random: udevadm: uninitialized urandom read (16 bytes read, 7 bits of entropy available)
[   11.336560] random: udevadm: uninitialized urandom read (16 bytes read, 7 bits of entropy available)
[   11.336632] random: udevadm: uninitialized urandom read (16 bytes read, 7 bits of entropy available)
[   11.888609] Fusion MPT base driver 3.04.20
[   11.951412] Copyright (c) 1999-2008 LSI Corporation
[   11.975319] e1000: Intel(R) PRO/1000 Network Driver - version 7.3.21-k8-NAPI
[   11.979131] e1000: Copyright (c) 1999-2006 Intel Corporation.
[   12.085180] Fusion MPT SPI Host driver 3.04.20
[   12.105854] AVX version of gcm_enc/dec engaged.
[   12.120272] AES CTR mode by8 optimization enabled
[   12.265059] input: ImExPS/2 Generic Explorer Mouse as /devices/platform/i8042/serio1/input/input4
[   12.440668] e1000 0000:00:03.0 eth0: (PCI:33MHz:32-bit) 02:3a:f4:24:e2:72
[   12.474067] e1000 0000:00:03.0 eth0: Intel(R) PRO/1000 Network Connection
[   12.482517] mptbase: ioc0: Initiating bringup
[   12.562857] ioc0: LSI53C1030 A0: Capabilities={Initiator}
[   12.765509] scsi host2: ioc0: LSI53C1030 A0, FwRev=00000000h, Ports=1, MaxQ=256, IRQ=20
[   12.916045] scsi 2:0:0:0: Direct-Access     VBOX     HARDDISK         1.0  PQ: 0 ANSI: 5
[   12.961450] scsi target2:0:0: Beginning Domain Validation
[   13.002273] scsi target2:0:0: Domain Validation skipping write tests
[   13.023987] scsi target2:0:0: Ending Domain Validation
[   13.025511] scsi target2:0:0: asynchronous
[   13.034068] scsi 2:0:1:0: Direct-Access     VBOX     HARDDISK         1.0  PQ: 0 ANSI: 5
[   13.038507] scsi target2:0:1: Beginning Domain Validation
[   13.042404] scsi target2:0:1: Domain Validation skipping write tests
[   13.060770] scsi target2:0:1: Ending Domain Validation
[   13.063325] scsi target2:0:1: asynchronous
[   13.074904] sd 2:0:0:0: Attached scsi generic sg0 type 0
[   13.078435] sd 2:0:0:0: [sda] 20971520 512-byte logical blocks: (10.7 GB/10.0 GiB)
[   13.089786] sd 2:0:1:0: Attached scsi generic sg1 type 0
[   13.092757] sd 2:0:1:0: [sdb] 20480 512-byte logical blocks: (10.5 MB/10.0 MiB)
[   13.105445] sd 2:0:0:0: [sda] Write Protect is off
[   13.118051] sd 2:0:1:0: [sdb] Write Protect is off
[   13.123781] sd 2:0:0:0: [sda] Incomplete mode parameter data
[   13.125360] sd 2:0:0:0: [sda] Assuming drive cache: write through
[   13.130538] sd 2:0:1:0: [sdb] Incomplete mode parameter data
[   13.133148] sd 2:0:1:0: [sdb] Assuming drive cache: write through
[   13.137291]  sda: sda1
[   13.141291] sd 2:0:1:0: [sdb] Attached SCSI disk
[   13.145242] sd 2:0:0:0: [sda] Attached SCSI disk
[   13.335828] e1000 0000:00:08.0 eth1: (PCI:33MHz:32-bit) 08:00:27:3f:d1:2d
[   13.360291] e1000 0000:00:08.0 eth1: Intel(R) PRO/1000 Network Connection
[   13.365554] e1000 0000:00:08.0 enp0s8: renamed from eth1
[   13.393981] e1000 0000:00:03.0 enp0s3: renamed from eth0
Begin: Loading e[   14.809710] md: linear personality registered for level -1
ssential drivers ... [   14.883409] md: multipath personality registered for level -4
[   14.917693] md: raid0 personality registered for level 0
[   14.939293] md: raid1 personality registered for level 1
[   15.029440] raid6: sse2x1   gen()  6481 MB/s
[   15.141782] raid6: sse2x1   xor()  5223 MB/s
[   15.257632] raid6: sse2x2   gen()  9493 MB/s
[   15.349612] raid6: sse2x2   xor()  6376 MB/s
[   15.457594] raid6: sse2x4   gen() 11635 MB/s
[   15.557484] raid6: sse2x4   xor()  8069 MB/s
[   15.595530] raid6: using algorithm sse2x4 gen() 11635 MB/s
[   15.616901] raid6: .... xor() 8069 MB/s, rmw enabled
[   15.687683] raid6: using ssse3x2 recovery algorithm
[   15.735578] xor: automatically using best checksumming function:
[   15.862021]    avx       : 27135.000 MB/sec
[   15.885756] async_tx: api initialized (async)
[   15.948710] md: raid6 personality registered for level 6
[   15.993355] md: raid5 personality registered for level 5
[   16.014573] md: raid4 personality registered for level 4
[   16.035134] md: raid10 personality registered for level 10
done.
Begin: Running /scripts/init-premount ... done.
Begin: Mounting root file system ... Begin: Run[   16.112400] Btrfs loaded
ning /scripts/local-top ... done.
Begin: Running /scripts/local-premount ... Scanning for Btrfs filesystems
done.
Warning: fsck no[   16.191853] EXT4-fs (sda1): mounted filesystem with ordered data mode. Opts: (null)
t present, so skipping root file system
done.
Begin: Running /scripts/local-bottom ... done.
Begin: Running /scripts/init-bottom ... done.
[   16.386711] systemd[1]: systemd 229 running in system mode. (+PAM +AUDIT +SELINUX +IMA +APPARMOR +SMACK +SYSVINIT +UTMP +LIBCRYPTSETUP +GCRYPT +GNUTLS +ACL +XZ -LZ4 +SECCOMP +BLKID +ELFUTILS +KMOD -IDN)
[   16.485037] systemd[1]: Detected virtualization oracle.
[   16.510465] systemd[1]: Detected architecture x86-64.

Welcome to [1mUbuntu 16.04.6 LTS[0m!

[   16.527243] systemd[1]: Set hostname to <ubuntu>.
[   16.605678] systemd[1]: Initializing machine ID from random generator.
[   16.623357] systemd[1]: Installed transient /etc/machine-id file.
[   16.803967] systemd[1]: Reached target User and Group Name Lookups.
[[0;32m  OK  [0m] Reached target User and Group Name Lookups.
[   16.902409] systemd[1]: Started Forward Password Requests to Wall Directory Watch.
[[0;32m  OK  [0m] Started Forward Password Requests to Wall Directory Watch.
[   16.946776] systemd[1]: Created slice User and Session Slice.
[[0;32m  OK  [0m] Created slice User and Session Slice.
[   17.004597] systemd[1]: Listening on LVM2 poll daemon socket.
[[0;32m  OK  [0m] Listening on LVM2 poll daemon socket.
[   17.070403] systemd[1]: Reached target Encrypted Volumes.
[[0;32m  OK  [0m] Reached target Encrypted Volumes.
[   17.094705] systemd[1]: Listening on Journal Socket (/dev/log).
[[0;32m  OK  [0m] Listening on Journal Socket (/dev/log).
[   17.117963] systemd[1]: Listening on LVM2 metadata daemon socket.
[[0;32m  OK  [0m] Listening on LVM2 metadata daemon socket.
[   17.132546] systemd[1]: Listening on Device-mapper event daemon FIFOs.
[[0;32m  OK  [0m] Listening on Device-mapper event daemon FIFOs.
[   17.157151] systemd[1]: Set up automount Arbitrary Executable File Formats File System Automount Point.
[[0;32m  OK  [0m] Set up automount Arbitrary Executab...ats File System Automount Point.
[   17.191384] systemd[1]: Listening on udev Control Socket.
[[0;32m  OK  [0m] Listening on udev Control Socket.
[   17.214267] systemd[1]: Listening on Journal Audit Socket.
[[0;32m  OK  [0m] Listening on Journal Audit Socket.
[   17.247016] systemd[1]: Created slice System Slice.
[[0;32m  OK  [0m] Created slice System Slice.
[   17.285982] systemd[1]: Reached target Slices.
[[0;32m  OK  [0m] Reached target Slices.
[   17.325779] systemd[1]: Listening on udev Kernel Socket.
[[0;32m  OK  [0m] Listening on udev Kernel Socket.
[   17.362048] systemd[1]: Created slice system-serial\x2dgetty.slice.
[[0;32m  OK  [0m] Created slice system-serial\x2dgetty.slice.
[   17.377828] systemd[1]: Reached target Swap.
[[0;32m  OK  [0m] Reached target Swap.
[   17.391663] systemd[1]: Listening on Syslog Socket.
[[0;32m  OK  [0m] Listening on Syslog Socket.
[   17.423266] systemd[1]: Reached target System Time Synchronized.
[[0;32m  OK  [0m] Reached target System Time Synchronized.
[   17.439622] systemd[1]: Listening on /dev/initctl Compatibility Named Pipe.
[[0;32m  OK  [0m] Listening on /dev/initctl Compatibility Named Pipe.
[   17.482494] systemd[1]: Listening on Journal Socket.
[[0;32m  OK  [0m] Listening on Journal Socket.
[   17.514670] systemd[1]: Starting Nameserver information manager...
[   17.517759] random: nonblocking pool is initialized
         Starting Nameserver information manager...
[   17.541263] systemd[1]: Starting Monitoring of LVM2 mirrors, snapshots etc. using dmeventd or progress polling...
         Starting Monitoring of LVM2 mirrors... dmeventd or progress polling...
[   17.664374] systemd[1]: Starting Create list of required static device nodes for the current kernel...
         Starting Create list of required st... nodes for the current kernel...
[   17.721764] systemd[1]: Mounting POSIX Message Queue File System...
         Mounting POSIX Message Queue File System...
[   17.752173] systemd[1]: Mounting Debug File System...
         Mounting Debug File System...
[   17.777918] systemd[1]: Starting Uncomplicated firewall...
         Starting Uncomplicated firewall...
[   17.790976] systemd[1]: Starting Journal Service...
         Starting Journal Service...
[   17.822867] systemd[1]: Starting Remount Root and Kernel File Systems...
         [   17.840960] EXT4-fs (sda1): re-mounted. Opts: (null)
Starting Remount Root and Kernel File Systems...
[   17.918525] systemd[1]: Starting Set console keymap...
         Starting Set console keymap...
[   17.972672] systemd[1]: Starting Load Kernel Modules...
         Starting Load Kernel Mo[   17.985804] Loading iSCSI transport class v2.0-870.
dules...
[   18.003405] systemd[1]: Mounting Huge Pages File System...
[   18.018475] iscsi: registered transport (tcp)
         Mounting Huge Pages File System...
[   18.051694] iscsi: registered transport (iser)
[   18.073821] systemd[1]: Started Trigger resolvconf update for networkd DNS.
[[0;32m  OK  [0m] Started Trigger resolvconf update for networkd DNS.
[   18.147110] systemd[1]: Mounted POSIX Message Queue File System.
[[0;32m  OK  [0m] Mounted POSIX Message Queue File System.
[   18.245936] systemd[1]: Mounted Debug File System.
[[0;32m  OK  [0m] Mounted Debug File System.
[   18.297632] systemd[1]: Mounted Huge Pages File System.
[[0;32m  OK  [0m] Mounted Huge Pages File System.
[   18.324329] systemd[1]: Started Journal Service.
[[0;32m  OK  [0m] Started Journal Service.
[[0;32m  OK  [0m] Started Create list of required sta...ce nodes for the current kernel.
[[0;32m  OK  [0m] Started Uncomplicated firewall.
[[0;32m  OK  [0m] Started Remount Root and Kernel File Systems.
[[0;32m  OK  [0m] Started Set console keymap.
[[0;32m  OK  [0m] Started Load Kernel Modules.
[[0;32m  OK  [0m] Started Nameserver information manager.
[[0;32m  OK  [0m] Started LVM2 metadata daemon.
         Starting Apply Kernel Variables...
         Mounting FUSE Control File System...
         Starting udev Coldplug all Devices...
         Starting Load/Save Random Seed...
         Starting Create Static Device Nodes in /dev...
         Starting Flush Journal to Persistent Storage...
[[0;32m  OK  [0m] Mounted FUSE Control File System.
[[0;32m  OK  [0m] Started Apply Kernel Variables.
[[0;32m  OK  [0m] Started Load/Save Random Seed.
[[0;32m  OK  [0m] Started Create Static Device Nodes in /dev.
[[0;32m  OK  [0m] Started udev Coldplug all Devices.
[[0;32m  OK  [0m] Started Flush Journal to Persistent Storage.
         Starting udev Kernel Device Manager...
[[0;32m  OK  [0m] Started Monitoring of LVM2 mirrors,...ng dmeventd or progress polling.
[[0;32m  OK  [0m] Started udev Kernel Device Manager.
[[0;32m  OK  [0m] Started Dispatch Password Requests to Console Directory Watch.
[[0;32m  OK  [0m] Reached target Local File Systems (Pre).
[[0;32m  OK  [0m] Reached target Local File Systems.
         Starting Create Volatile Files and Directories...
         Starting Tell Plymouth To Write Out Runtime Data...
         Starting Set console font and keymap...
         Starting Commit a transient machine-id on disk...
         Starting LSB: AppArmor initialization...
         Starting Initial cloud-init job (pre-networking)...
[[0;32m  OK  [0m] Started Create Volatile Files and Directories.
[[0;32m  OK  [0m] Started Tell Plymouth To Write Out Runtime Data.
[[0;32m  OK  [0m] Started Commit a transient machine-id on disk.
[[0;32m  OK  [0m] Found device /dev/ttyS0.
[[0;32m  OK  [0m] Listening on Load/Save RF Kill Switch Status /dev/rfkill Watch.
         Starting Update UTMP about System Boot/Shutdown...
[   15.423403] cloud-init[544]: Cloud-init v. 18.5-45-g3554ffe8-0ubuntu1~16.04.1 running 'init-local' at Tue, 14 May 2019 09:39:10 +0000. Up 14.89 seconds.
[[0;32m  OK  [0m] Started Update UTMP about System Boot/Shutdown.
[[0;32m  OK  [0m] Started Initial cloud-init job (pre-networking).
[[0;32m  OK  [0m] Started Set console font and keymap.
[[0;32m  OK  [0m] Created slice system-getty.slice.
[[0;32m  OK  [0m] Reached target Network (Pre).
[[0;32m  OK  [0m] Started LSB: AppArmor initialization.
         Starting Raise network interfaces...
[[0;32m  OK  [0m] Started Raise network interfaces.
[[0;32m  OK  [0m] Reached target Network.
         Starting Initial cloud-init job (metadata service crawler)...
[   17.447913] cloud-init[940]: Cloud-init v. 18.5-45-g3554ffe8-0ubuntu1~16.04.1 running 'init' at Tue, 14 May 2019 09:39:12 +0000. Up 16.84 seconds.
[   17.545124] cloud-init[940]: ci-info: ++++++++++++++++++++++++++++++++++++++Net device info+++++++++++++++++++++++++++++++++++++++
[   17.604845] cloud-init[940]: ci-info: +--------+-------+----------------------------+---------------+--------+-------------------+
[[0;32m  OK  [0m] Started Initial cloud-init job (metadata service crawler).
[[   17.669082] cloud-init[940]: ci-info: | Device |   Up  |          Address           |      Mask     | Scope  |     Hw-Address    |
[   17.710157] cloud-init[940]: ci-info: +--------+-------+----------------------------+---------------+--------+-------------------+
[   17.710340] cloud-init[940]: ci-info: | enp0s3 |  True |         10.0.2.15          | 255.255.255.0 | global | 02:3a:f4:24:e2:72 |
[   17.710564] cloud-init[940]: ci-info: | enp0s3 |  True | fe80::3a:f4ff:fe24:e272/64 |       .       |  link  | 02:3a:f4:24:e2:72 |
[   17.711054] cloud-init[940]: ci-info: | enp0s8 | False |             .              |       .       |   .    | 08:00:27:3f:d1:2d |
[   17.711495] cloud-init[940]: ci-info: |   lo   |  True |         127.0.0.1          |   255.0.0.0   |  host  |         .         |
[   17.711941] cloud-init[940]: ci-info: |   lo   |  True |          ::1/128           |       .       |  host  |         .         |
[   17.712488] cloud-init[940]: ci-info: +--------+-------+----------------------------+---------------+--------+-------------------+
[0;32m  OK  [0m] Reached target System Initialization.
[[   17.712602] cloud-init[940]: ci-info: +++++++++++++++++++++++++++Route IPv4 info++++++++++++++++++++++++++++
[   18.253793] cloud-init[940]: ci-info: +-------+-------------+----------+---------------+-----------+-------+
[0;32m  OK  [0m] Listening on D-Bus System Message Bus Socket.
         [   18.254122] Starting Socket activation for snappy daemon.cloud-init
[940]: ci-info: | Route | Destination | Gateway  |    Genmask    | Interface | Flags |
[   18.528916] cloud-init[940]: ci-info: +-------+-------------+----------+---------------+-----------+-------+
[   18.529503] cloud-init[940]: ci-info: |   0   |   0.0.0.0   | 10.0.2.2 |    0.0.0.0    |   enp0s3  |   UG  |
[[0;32m  OK  [0m] Listening on UUID daemon activation socket.
[   18.529794] cloud-init[940]: ci-info: |   1   |   10.0.2.0  | 0.0.0.0  | 255.255.255.0 |   enp0s3  |   U   |
[   18.697027] cloud-init[940]: ci-info: +-------+-------------+----------+---------------+-----------+-------+
[   18.697558] cloud-init[940]: ci-info: +++++++++++++++++++Route IPv6 info+++++++++++++++++++
[[0;32m  OK  [0m] Started ACPI Events Check.
[   18.697953] cloud-init[940]: ci-info: +-------+-------------+---------+-----------+-------+
[   18.856071] cloud-init[940]: ci-info: | Route | Destination | Gateway | Interface | Flags |
[[0;32m  OK  [0m] Reached target Paths.
[   18.856200] cloud-init[940]: ci-info: +-------+-------------+---------+-----------+-------+
[   18.933050] cloud-init[940]: ci-info: |   0   |  fe80::/64  |    ::   |   enp0s3  |   U   |
[[0;32m  OK  [0m] Listening on ACPID Listen Socket.
[[   18.933338] cloud-init[940]: ci-info: |   3   |   ff00::/8  |    ::   |   enp0s3  |   U   |
[   19.049977] cloud-init[940]: ci-info: +-------+-------------+---------+-----------+-------+
[0;32m  OK  [0m] Started Daily Cleanup of Temporary Directories.
[[   19.050282] cloud-init[940]: Generating public/private rsa key pair.
[0;32m  OK  [0m] Started Daily apt download activities.
[[0;32m  OK  [0m[   19.174035] cloud-init[940]: Your identification has been saved in /etc/ssh/ssh_host_rsa_key.
[   19.241755] cloud-init[940]: Your public key has been saved in /etc/ssh/ssh_host_rsa_key.pub.
] Started Daily apt upgrade and clean activities.
[   19.241903] cloud-init[940]: The key fingerprint is:
[   19.381414] cloud-init[940]: SHA256:8gMc9jSgBXbt3wX3I/l2FKLlTYFF5Osc3/BmLJ/DyE8 root@ubuntu-xenial
[[0;32m  OK  [0m] Reached target Timers.
[   19.381638] cloud-init[940]: The key's randomart image is:
[   19.528775] cloud-init[940]: +---[RSA 2048]----+
[   19.529367] cloud-init[940]: |    o.+.      ==.|
         Starting LXD - unix socket.
[[   19.529636] cloud-init[940]: |   . + ..   .+oo |
[   19.602252] cloud-init[940]: |    . o.o   +o=o.|
[0;32m  OK  [0m] Reached target Cloud-config availability.
[   19.602457] cloud-init[940]: |     o +.. . +.o+|
[   19.721982] cloud-init[940]: |      + S. . .++.|
[[0;32m  OK  [0m] Reached target Network is Online.
[   19.722399] cloud-init[940]: |       +  . . o*=|
[   19.820795] cloud-init[940]: |        o   . =EO|
[   19.821346] cloud-init[940]: |         .   o.B.|
         Starting iSCSI initiator daemon (iscsid)...
[   19.821728] cloud-init[940]: |              .oo|
[   19.953032] cloud-init[940]: +----[SHA256]-----+
[   19.953818] cloud-init[940]: Generating public/private dsa key pair.
[[0;32m  OK  [0m] Listening on Socket activation for snappy daemon.
[   19.954005] cloud-init[940]: Your identification has been saved in /etc/ssh/ssh_host_dsa_key.
[   20.061290] cloud-init[940]: Your public key has been saved in /etc/ssh/ssh_host_dsa_key.pub.
[[0;32m  OK  [0m] Listening on LXD - unix socket.
[   20.061437] cloud-init[940]: The key fingerprint is:
[   20.253028] cloud-init[940]: SHA256:PgKOHOjlpYyDjPwAN1Ya6uisBtLHKtrcWWJMD2wsuJM root@ubuntu-xenial
[   20.254258] cloud-init[940]: The key's randomart image is:
[[0;32m  OK  [0m] Started iSCSI initiator daemon (iscsid).
[   20.254591] cloud-init[940]: +---[DSA 1024]----+
         [   20.337011] Starting Login to default iSCSI targets...cloud-init
[940]: |                 |
[   20.383236] cloud-init[940]: |                 |
[[0;32m  OK  [0m] Reached target Sockets.
[   20.383983] cloud-init[940]: |  . .            |
[   20.429492] cloud-init[940]: | + *             |
[[0;32m  OK  [0m] Reached target Basic System.
[   20.429805] cloud-init[940]: |=.BoB.  S        |
[   20.496640] cloud-init[940]: |%**X=+ .         |
[   20.523212] cloud-init[940]: |EOo*= + o        |
[   20.523499] cloud-init[940]: |+==o + . .       |
         Starting Pollinate to seed the pseudo random number generator...
[   20.523721] cloud-init[940]: |*+o.o            |
[   20.572541] cloud-init[940]: +----[SHA256]-----+
[   20.578725] cloud-init[940]: Generating public/private ecdsa key pair.
[   20.652789] cloud-init[940]: Your identification has been saved in /etc/ssh/ssh_host_ecdsa_key.
[   20.653574] cloud-init[940]: Your public key has been saved in /etc/ssh/ssh_host_ecdsa_key.pub.
         Starting /etc/rc.local Compatibility...
[   20.653858] cloud-init[940]: The key fingerprint is:
[   20.844907] cloud-init[940]: SHA256:1Swr57QQUqOLXE7CWfjbmEM3e+06AEKjcrUqOvubTo0 root@ubuntu-xenial
[   20.845640] cloud-init[940]: The key's randomart image is:
[[0;32m  OK  [0m] Started Deferred execution scheduler.
[   20.845989] cloud-init[940]: +---[ECDSA 256]---+
[   20.907919] cloud-init[940]: |     .. o        |
[   20.910625] cloud-init[940]: |   .=o o . o     |
[   20.913096] cloud-init[940]: |   +++= . o o    |
[   20.944448] cloud-init[940]: |. o.o*+ooo o     |
[   20.944725] cloud-init[940]: | o .oooBSo+.     |
         Starting LXD - container startup/shutdown...
[[   20.944936] cloud-init[940]: |. .o  = +*...    |
[0;32m  OK  [0m[   20.951670] ] cloud-initStarted Unattended Upgrades Shutdown.[940]: 
|..E .  . oo.     |
[   20.951801] cloud-init[940]: |o. .      . .    |
[   21.075661] cloud-init[940]: |.==.      .o     |
[   21.076084] cloud-init[940]: +----[SHA256]-----+
         Starting Snappy daemon...
[   21.076397] cloud-init[940]: Generating public/private ed25519 key pair.
[   21.152403] cloud-init[940]: Your identification has been saved in /etc/ssh/ssh_host_ed25519_key.
         [   21.152724] Starting Virtualbox guest utils...cloud-init
[940]: Your public key has been saved in /etc/ssh/ssh_host_ed25519_key.pub.
[   21.152941] cloud-init[940]: The key fingerprint is:
[   21.307531] cloud-init[940]: SHA256:vDRj7qFymozum3NdSKbmFOKxwiutVvfHLQr4sBJqYuM root@ubuntu-xenial
[   21.307952] cloud-init[940]: The key's randomart image is:
         Starting LSB: Record successful boot for GRUB...
[   21.308162] cloud-init[940]: +--[ED25519 256]--+
[   21.392363] cloud-init[940]: |                 |
[   21.392688] cloud-init[940]: |                 |
         Starting Login Service...
[   21.393145] cloud-init[940]: |                 |
[   21.452808] cloud-init[940]: |  o . o.         |
[   21.453322] cloud-init[940]: |.. + = .S        |
[[0;32m  OK  [0m] Started Regular background program processing daemon.
[   21.453628] cloud-init[940]: |.oo.=..+.+       |
[   21.564668] cloud-init[940]: |.o+*.o..= .      |
[   21.565181] cloud-init[940]: |+Bo+B.++ = .     |
[[0;32m  OK  [0m] Started D-Bus System Message Bus.
[   21.565503] cloud-init[940]: |OEO=+=..+ .      |
[   21.659330] cloud-init[940]: +----[SHA256]-----+
[[0;32m  OK  [0m] Started FUSE filesystem for LXC.
[[0;32m  OK  [0m] Started ACPI event daemon.
         Starting Accounts Service...
         Starting LSB: MD monitoring daemon...
         Starting System Logging Service...
[[0;32m  OK  [0m] Started Snappy daemon.
[[0;32m  OK  [0m] Started System Logging Service.
[[0;32m  OK  [0m] Started Pollinate to seed the pseudo random number generator.
[[0;32m  OK  [0m] Started /etc/rc.local Compatibility.
[[0;32m  OK  [0m] Started LXD - container startup/shutdown.
[[0;32m  OK  [0m] Started Login to default iSCSI targets.
[[0;32m  OK  [0m] Started LSB: Record successful boot for GRUB.
[[0;32m  OK  [0m] Started LSB: MD monitoring daemon.
[[0;32m  OK  [0m] Started Virtualbox guest utils.
[[0;32m  OK  [0m] Started Login Service.
         Starting Authenticate and Authorize Users to Run Privileged Tasks...
[[0;32m  OK  [0m] Reached target Remote File Systems (Pre).
[[0;32m  OK  [0m] Reached target Remote File Systems.
         Starting Permit User Sessions...
         Starting LSB: Set the CPU Frequency Scaling governor to "ondemand"...
         Starting LSB: automatic crash report generation...
         Starting LSB: daemon to balance interrupts for SMP systems...
         Starting OpenBSD Secure Shell server...
         Starting Wait until snapd is fully seeded...
[[0;32m  OK  [0m] Started Permit User Sessions.
[[0;32m  OK  [0m] Started Authenticate and Authorize Users to Run Privileged Tasks.
[[0;32m  OK  [0m] Started OpenBSD Secure Shell server.
[[0;32m  OK  [0m] Started Accounts Service.
[[0;32m  OK  [0m] Started LSB: Set the CPU Frequency Scaling governor to "ondemand".
         Starting Hold until boot process finishes up...
         Starting Terminate Plymouth Boot Screen...
[[0;32m  OK  [0m] Started LSB: automatic crash report generation.
[[0;32m  OK  [0m] Started LSB: daemon to balance interrupts for SMP systems.
[[0;32m  OK  [0m] Started Hold until boot process finishes up.
[[0;32m  OK  [0m] Started Terminate Plymouth Boot Screen.
[[0;32m  OK  [0m] Started Getty on tty1.
         Starting Set console scheme...
[[0;32m  OK  [0m] Started Serial Getty on ttyS0.
[[0;32m  OK  [0m] Reached target Login Prompts.
[[0;32m  OK  [0m] Started Set console scheme.
[[0;32m  OK  [0m] Created slice User Slice of vagrant.
         Starting User Manager for UID 1000...
[[0;32m  OK  [0m] Started User Manager for UID 1000.
[[0;32m  OK  [0m] Started Session 1 of user vagrant.
[[0;32m  OK  [0m] Started Wait until snapd is fully seeded.
         Starting Apply the settings specified in cloud-config...
[[0;32m  OK  [0m] Reached target Multi-User System.
[[0;32m  OK  [0m] Reached target Graphical Interface.
         Starting Update UTMP about System Runlevel Changes...
[[0;32m  OK  [0m] Started Update UTMP about System Runlevel Changes.
[   24.379566] cloud-init[1328]: Generating locales (this might take a while)...
[   25.530834] cloud-init[1328]:   en_US.UTF-8... done
[   25.561040] cloud-init[1328]: Generation complete.
         Stopping User Manager for UID 1000...
[[0;32m  OK  [0m] Stopped User Manager for UID 1000.
[[0;32m  OK  [0m] Removed slice User Slice of vagrant.
[[0;32m  OK  [0m] Created slice User Slice of vagrant.
         Starting User Manager for UID 1000...
[[0;32m  OK  [0m] Started Session 2 of user vagrant.
[[0;32m  OK  [0m] Started User Manager for UID 1000.
[   26.131473] cloud-init[1328]: Cloud-init v. 18.5-45-g3554ffe8-0ubuntu1~16.04.1 running 'modules:config' at Tue, 14 May 2019 09:39:19 +0000. Up 24.19 seconds.
[[0;32m  OK  [0m] Started Apply the settings specified in cloud-config.
         Starting Execute cloud user/final scripts...
ci-info: no authorized ssh keys fingerprints found for user ubuntu.
<14>May 14 09:39:22 ec2: 
<14>May 14 09:39:22 ec2: #############################################################
<14>May 14 09:39:22 ec2: -----BEGIN SSH HOST KEY FINGERPRINTS-----
<14>May 14 09:39:22 ec2: 1024 SHA256:PgKOHOjlpYyDjPwAN1Ya6uisBtLHKtrcWWJMD2wsuJM root@ubuntu-xenial (DSA)
<14>May 14 09:39:22 ec2: 256 SHA256:1Swr57QQUqOLXE7CWfjbmEM3e+06AEKjcrUqOvubTo0 root@ubuntu-xenial (ECDSA)
<14>May 14 09:39:22 ec2: 256 SHA256:vDRj7qFymozum3NdSKbmFOKxwiutVvfHLQr4sBJqYuM root@ubuntu-xenial (ED25519)
<14>May 14 09:39:22 ec2: 2048 SHA256:8gMc9jSgBXbt3wX3I/l2FKLlTYFF5Osc3/BmLJ/DyE8 root@ubuntu-xenial (RSA)
<14>May 14 09:39:22 ec2: -----END SSH HOST KEY FINGERPRINTS-----
<14>May 14 09:39:22 ec2: #############################################################
-----BEGIN SSH HOST KEY KEYS-----
ecdsa-sha2-nistp256 AAAAE2VjZHNhLXNoYTItbmlzdHAyNTYAAAAIbmlzdHAyNTYAAABBBJPRtF5vUTLwp76GO2GQ44P9+oAB9jKdRi/Y9zDqthVHUUvsMDcb7dm61BKmglvdof0K6GBSnaCCn4kfCWJ0vvA= root@ubuntu-xenial
ssh-ed25519 AAAAC3NzaC1lZDI1NTE5AAAAIEWDMnSTUiO8iqFLxyW3b3BnupK1zXe6K6nn/PIUAWXc root@ubuntu-xenial
ssh-rsa AAAAB3NzaC1yc2EAAAADAQABAAABAQC5lUMHG5T4O6POFsL8DSETe4sBi8Kqm3K7D9Au/EV4zR5TBmH/yGqAm2BFqO5BD3HQFmqJYcj01LX1EEDCv5zN/fH9pxUTj6cyxLJ7hLuC7KKp8dFCxKNOHJRz8gxjPA6hJuIEIFL8IhiDTANo3CEiS6458DP4Wrj8XdcS1oOrIHBPbAE+WkuZwKRgWRVUG4pcSIwJtQSHke9P20sdUk/8vOmqDh2Yj9/3wvcGY2UU01rOHeVIOeHWSdexEr7BzfvBbMkm8pYPJ51ZRc5peB/AUbEIpEop+9QQqbWf9Cr+uk3l9ZuVF20Q74r9w5SgLYAMjnfNDwPDl+Ixi/iVGavf root@ubuntu-xenial
-----END SSH HOST KEY KEYS-----
[   27.155024] cloud-init[1579]: Cloud-init v. 18.5-45-g3554ffe8-0ubuntu1~16.04.1 running 'modules:final' at Tue, 14 May 2019 09:39:22 +0000. Up 26.60 seconds.
[   27.163756] cloud-init[1579]: ci-info: no authorized ssh keys fingerprints found for user ubuntu.
[   27.184137] cloud-init[1579]: Cloud-init v. 18.5-45-g3554ffe8-0ubuntu1~16.04.1 finished at Tue, 14 May 2019 09:39:22 +0000. Datasource DataSourceNoCloud [seed=/dev/sdb][dsmode=net].  Up 27.14 seconds
[[0;32m  OK  [0m] Started Execute cloud user/final scripts.
[[0;32m  OK  [0m] Reached target Cloud-init target.

Ubuntu 16.04.6 LTS ubuntu-xenial ttyS0

ubuntu-xenial login: 